<?xml version="1.0" encoding="UTF-8"?>
<!-- Generated by org.testng.reporters.JUnitXMLReporter -->
<testsuite ignored="1" hostname="DESKTOP-DELL" failures="1" tests="6" name="Test" time="68.304" errors="0" timestamp="2020-06-22T17:03:38 IST">
  <testcase classname="com.flipkart.TestFlipkart" name="testLoginPage" time="11.854"/>
  <testcase classname="com.flipkart.TestFlipkart" name="testVerifyLogo" time="0.361">
    <failure type="java.lang.AssertionError" message="expected [Flipkart] but found [Supermart]">
      <![CDATA[java.lang.AssertionError: expected [Flipkart] but found [Supermart]
at com.filpkart.Flipkart.verifyLogo(Flipkart.java:116)
at com.flipkart.TestFlipkart.testVerifyLogo(TestFlipkart.java:33)
at java.base/java.util.ArrayList.forEach(ArrayList.java:1540)
... Removed 32 stack frames]]>
    </failure>
  </testcase> <!-- testVerifyLogo -->
  <testcase classname="com.flipkart.TestFlipkart" name="testProductSelection" time="7.715"/>
  <testcase classname="com.flipkart.TestFlipkart" name="testAddToBasket" time="10.884"/>
  <testcase classname="com.flipkart.TestFlipkart" name="testComparePrice" time="0.185"/>
  <testcase classname="com.flipkart.TestFlipkart" name="detailsoftestcases" time="0.0"/>
  <testcase classname="com.flipkart.Baseclass" name="@BeforeSuite setReport" time="0.0">
    <ignored/>
  </testcase> <!-- @BeforeSuite setReport -->
</testsuite> <!-- Test -->
