<?xml version="1.0" encoding="UTF-8"?>
<!-- Generated by org.testng.reporters.JUnitReportReporter -->
<testsuite hostname="DESKTOP-DELL" failures="1" tests="6" name="com.flipkart.TestFlipkart" time="35.326" errors="0" timestamp="2020-06-22T17:07:10 IST" skipped="0">
  <testcase classname="com.flipkart.TestFlipkart" name="detailsoftestcases" time="0.788"/>
  <system-out/>
  <testcase classname="com.flipkart.TestFlipkart" name="testLoginPage" time="13.920"/>
  <system-out/>
  <testcase classname="com.flipkart.TestFlipkart" name="testAddToBasket" time="11.114"/>
  <system-out/>
  <testcase classname="com.flipkart.TestFlipkart" name="testComparePrice" time="0.332"/>
  <system-out>
Delivery Charges: 50 Delivery Charges + Product price = 159 All price are different Total price for the product is not equal to total amount to be paid  </system-out>
  <testcase classname="com.flipkart.TestFlipkart" name="testVerifyLogo" time="0.796">
    <failure message="expected [Flipkart] but found [Supermart]" type="java.lang.AssertionError">
      <![CDATA[java.lang.AssertionError: expected [Flipkart] but found [Supermart]
at org.testng.Assert.fail(Assert.java:97)
at org.testng.Assert.assertEqualsImpl(Assert.java:136)
at org.testng.Assert.assertEquals(Assert.java:118)
at org.testng.Assert.assertEquals(Assert.java:575)
at org.testng.Assert.assertEquals(Assert.java:585)
at com.filpkart.Flipkart.verifyLogo(Flipkart.java:116)
at com.flipkart.TestFlipkart.testVerifyLogo(TestFlipkart.java:33)
at java.base/jdk.internal.reflect.NativeMethodAccessorImpl.invoke0(Native Method)
at java.base/jdk.internal.reflect.NativeMethodAccessorImpl.invoke(NativeMethodAccessorImpl.java:62)
at java.base/jdk.internal.reflect.DelegatingMethodAccessorImpl.invoke(DelegatingMethodAccessorImpl.java:43)
at java.base/java.lang.reflect.Method.invoke(Method.java:566)
at org.testng.internal.MethodInvocationHelper.invokeMethod(MethodInvocationHelper.java:134)
at org.testng.internal.TestInvoker.invokeMethod(TestInvoker.java:597)
at org.testng.internal.TestInvoker.invokeTestMethod(TestInvoker.java:173)
at org.testng.internal.MethodRunner.runInSequence(MethodRunner.java:46)
at org.testng.internal.TestInvoker$MethodInvocationAgent.invoke(TestInvoker.java:816)
at org.testng.internal.TestInvoker.invokeTestMethods(TestInvoker.java:146)
at org.testng.internal.TestMethodWorker.invokeTestMethods(TestMethodWorker.java:146)
at org.testng.internal.TestMethodWorker.run(TestMethodWorker.java:128)
at java.base/java.util.ArrayList.forEach(ArrayList.java:1540)
at org.testng.TestRunner.privateRun(TestRunner.java:766)
at org.testng.TestRunner.run(TestRunner.java:587)
at org.testng.SuiteRunner.runTest(SuiteRunner.java:384)
at org.testng.SuiteRunner.runSequentially(SuiteRunner.java:378)
at org.testng.SuiteRunner.privateRun(SuiteRunner.java:337)
at org.testng.SuiteRunner.run(SuiteRunner.java:286)
at org.testng.SuiteRunnerWorker.runSuite(SuiteRunnerWorker.java:53)
at org.testng.SuiteRunnerWorker.run(SuiteRunnerWorker.java:96)
at org.testng.TestNG.runSuitesSequentially(TestNG.java:1187)
at org.testng.TestNG.runSuitesLocally(TestNG.java:1109)
at org.testng.TestNG.runSuites(TestNG.java:1039)
at org.testng.TestNG.run(TestNG.java:1007)
at org.apache.maven.surefire.testng.TestNGExecutor.run(TestNGExecutor.java:281)
at org.apache.maven.surefire.testng.TestNGXmlTestSuite.execute(TestNGXmlTestSuite.java:75)
at org.apache.maven.surefire.testng.TestNGProvider.invoke(TestNGProvider.java:121)
at org.apache.maven.surefire.booter.ForkedBooter.invokeProviderInSameClassLoader(ForkedBooter.java:290)
at org.apache.maven.surefire.booter.ForkedBooter.runSuitesInProcess(ForkedBooter.java:242)
at org.apache.maven.surefire.booter.ForkedBooter.main(ForkedBooter.java:121)
]]>
    </failure>
  </testcase> <!-- testVerifyLogo -->
  <system-out/>
  <testcase classname="com.flipkart.TestFlipkart" name="testProductSelection" time="8.376"/>
  <system-out>
Product Title: Dettol Original Liquid Hand Wash Refill Hand Wash Pouch Product price: 109  </system-out>
</testsuite> <!-- com.flipkart.TestFlipkart -->
